<?xml version="1.0" encoding="UTF-8"?>
<testng-results ignored="1" total="2" passed="1" failed="0" skipped="0">
  <reporter-output>
  </reporter-output>
  <suite started-at="2023-03-20T19:25:27 IST" name="Default suite" finished-at="2023-03-20T19:29:26 IST" duration-ms="239184">
    <groups>
    </groups>
    <test started-at="2023-03-20T19:25:27 IST" name="Default test" finished-at="2023-03-20T19:29:26 IST" duration-ms="239184">
      <class name="tlsportalprod.Falls">
        <test-method signature="sfalls()[pri:0, instance:tlsportalprod.Falls@6c284af]" started-at="2023-03-20T19:25:27 IST" name="sfalls" finished-at="2023-03-20T19:29:26 IST" duration-ms="239155" status="PASS">
          <reporter-output>
          </reporter-output>
        </test-method> <!-- sfalls -->
      </class> <!-- tlsportalprod.Falls -->
    </test> <!-- Default test -->
  </suite> <!-- Default suite -->
</testng-results>
